        -:    0:Source:P.cpp
        -:    0:Graph:P.gcno
        -:    0:Data:P.gcda
        -:    0:Runs:7
        -:    1:#include <iostream>
        -:    2:
        -:    3:using namespace std;
        -:    4:
function _Z2tpii called 7 returned 100% blocks executed 40%
        7:    5:int tp(int n1,int n2 ){
        7:    6:    if(n1%3==0 || n2%100==0){
branch  0 taken 5 (fallthrough)
branch  1 taken 2
branch  2 taken 0 (fallthrough)
branch  3 taken 5
        2:    7:         n1++;
        2:    8:         if(n1>n2) {
branch  0 taken 0 (fallthrough)
branch  1 taken 2
    #####:    9:             n1+=2;
    #####:   10:             if(n2%7==0) n2+=7;
branch  0 never executed
branch  1 never executed
    #####:   11:             else n2-=7;
        -:   12:         }else {
       2*:   13:            if(n2%23==0) n2+=23;
branch  0 taken 0 (fallthrough)
branch  1 taken 2
        2:   14:            else if(n2%31==0)n2+=23;
branch  0 taken 1 (fallthrough)
branch  1 taken 1
        -:   15:         }
        5:   16:    }else if(n1%2==0 || n2%11==0){ 
branch  0 taken 4 (fallthrough)
branch  1 taken 1
branch  2 taken 1 (fallthrough)
branch  3 taken 3
        2:   17:    n2++;
        2:   18:         if(n1>n2) {
branch  0 taken 1 (fallthrough)
branch  1 taken 1
        1:   19:             n1+=2;
       1*:   20:             if(n2%7==0) n2+=7;
branch  0 taken 0 (fallthrough)
branch  1 taken 1
        1:   21:             else n2-=7;
        -:   22:         }else {
       1*:   23:            if(n2%23==0) n2+=23;
branch  0 taken 0 (fallthrough)
branch  1 taken 1
       1*:   24:            else if(n2%31==0)n2+=23;
branch  0 taken 0 (fallthrough)
branch  1 taken 1
        -:   25:         }    
        3:   26:    }else if (n1==n2){
branch  0 taken 0 (fallthrough)
branch  1 taken 3
    #####:   27:        n1 = n1*2;
    #####:   28:         if(n1>n2) {
branch  0 never executed
branch  1 never executed
    #####:   29:             n1+=2;
    #####:   30:             if(n2%7==0) n2+=7;
branch  0 never executed
branch  1 never executed
    #####:   31:             else n2-=7;
        -:   32:         }else {
    #####:   33:            if(n2%23==0) n2+=23;
branch  0 never executed
branch  1 never executed
    #####:   34:            else if(n2%31==0)n2+=23;
branch  0 never executed
branch  1 never executed
        -:   35:         }
        3:   36:    }else if (n1 > n2) {
branch  0 taken 1 (fallthrough)
branch  1 taken 2
        1:   37:        n2 = n2*2;
        1:   38:         if(n1==n2) {
branch  0 taken 0 (fallthrough)
branch  1 taken 1
    #####:   39:             n1+=2;
    #####:   40:             if(n2%7==0) n2+=7;
branch  0 never executed
branch  1 never executed
    #####:   41:             else n2-=7;
        -:   42:         }else {
       1*:   43:            if(n2%23==0) n2+=23;
branch  0 taken 0 (fallthrough)
branch  1 taken 1
       1*:   44:            else if(n2%31==0)n2+=23;
branch  0 taken 0 (fallthrough)
branch  1 taken 1
        -:   45:         }
        2:   46:    }else if(n1%n2==0) {
branch  0 taken 0 (fallthrough)
branch  1 taken 2
    #####:   47:            n1 = n2-n1;
    #####:   48:         if(n1==n2) {
branch  0 never executed
branch  1 never executed
    #####:   49:             n1+=2;
    #####:   50:             if(n2%7==0) n2+=7;
branch  0 never executed
branch  1 never executed
    #####:   51:             else n2-=7;
        -:   52:         }else {
    #####:   53:            if(n2%23==0) n2+=23;
branch  0 never executed
branch  1 never executed
    #####:   54:            else if(n2%31==0)n2+=23;
branch  0 never executed
branch  1 never executed
        -:   55:         }
        -:   56:
        2:   57:    }else if(n2%n1==0) {
branch  0 taken 0 (fallthrough)
branch  1 taken 2
    #####:   58:            n2 = n2-n1;
    #####:   59:         if(n1==n2) {
branch  0 never executed
branch  1 never executed
    #####:   60:             n1+=2;
    #####:   61:             if(n2%7==0) n2+=7;
branch  0 never executed
branch  1 never executed
    #####:   62:             else n2-=7;
        -:   63:         }else {
    #####:   64:            if(n2%23==0) n2+=23;
branch  0 never executed
branch  1 never executed
    #####:   65:            else if(n2%31==0)n2+=23;
branch  0 never executed
branch  1 never executed
        -:   66:         }
        -:   67:
        -:   68:    }
        7:   69:    return 0;
        -:   70:}
        -:   71:
function main called 7 returned 100% blocks executed 100%
        7:   72:int main(){
        -:   73:    int n,b;
        7:   74:    cin >> n >>b;
call    0 returned 7
branch  1 taken 7 (fallthrough)
branch  2 taken 0 (throw)
call    3 returned 7
branch  4 taken 7 (fallthrough)
branch  5 taken 0 (throw)
        7:   75:    tp(n,b);
call    0 returned 7
        -:   76: 
        -:   77:
        7:   78:}
