        -:    0:Source:test.cpp
        -:    0:Graph:test.gcno
        -:    0:Data:test.gcda
        -:    0:Runs:1
        -:    1:#include <iostream>
        -:    2:
        -:    3:using namespace std;
        -:    4:
function main called 1 returned 100% blocks executed 94%
        1:    5:int main()
        -:    6:{
        -:    7:    int n;
        1:    8:    cin >> n;
        1:    9:    int array[n][2];
        -:   10:    
        1:   11:    srand(time(0));
call    0 returned 100%
call    1 returned 100%
        -:   12:
      101:   13:    for(int i = 0; i < n; i++){
branch  0 taken 99% (fallthrough)
branch  1 taken 1%
      100:   14:        array[i][0] = rand();
call    0 returned 100%
      100:   15:        array[i][1] = rand();
call    0 returned 100%
      100:   16:        cout << array[i][0]<<"\t" <<array[i][1]  << endl;
call    0 returned 100%
branch  1 taken 100% (fallthrough)
branch  2 taken 0% (throw)
call    3 returned 100%
branch  4 taken 100% (fallthrough)
branch  5 taken 0% (throw)
call    6 returned 100%
branch  7 taken 100% (fallthrough)
branch  8 taken 0% (throw)
call    9 returned 100%
branch 10 taken 100% (fallthrough)
branch 11 taken 0% (throw)
      100:   17:        if (n == 100){
branch  0 taken 0% (fallthrough)
branch  1 taken 100%
        -:   18:
        -:   19:        }else {
    #####:   20:            int a = 1;
    #####:   21:            char b = a;
    #####:   22:            continue;
        -:   23:        }
        -:   24:
        -:   25:    }
        -:   26:    
        2:   27:    return 0;
call    0 returned 100%
branch  1 taken 100% (fallthrough)
branch  2 taken 0% (throw)
        -:   28:}
