        -:    0:Source:test1.cpp
        -:    0:Graph:test1.gcno
        -:    0:Data:test1.gcda
        -:    0:Runs:2
        -:    0:Source is newer than graph
        -:    1:#include <iostream>
        -:    2:
        -:    3:using namespace std;
        -:    4:
function _Z2tpii called 2 returned 100% blocks executed 60%
        2:    5:int tp(int n1,int n2 ){
       2*:    6:    if(n1%3==0 || n2%100==0) n1++;
branch  0 taken 2 (fallthrough)
branch  1 taken 0
branch  2 taken 0 (fallthrough)
branch  3 taken 2
       2*:    7:    else if(n1%2==0 || n2%11==0) n2++;
branch  0 taken 0 (fallthrough)
branch  1 taken 2
branch  2 never executed
branch  3 never executed
    #####:    8:    else if (n1==n2) n1 = n1*2;
branch  0 never executed
branch  1 never executed
    #####:    9:    else if (n1 > n2) n2 = n2*2;
branch  0 never executed
branch  1 never executed
        2:   10:    cout << n1 << "\t"+n2 << endl;
call    0 returned 2
call    1 returned 2
call    2 returned 2
        2:   11:    return 0;
        -:   12:}
        -:   13:
function main called 2 returned 100% blocks executed 100%
        2:   14:int main(){
        -:   15:    int n,b;
        2:   16:    cin >> n >>b;
call    0 returned 2
branch  1 taken 2 (fallthrough)
branch  2 taken 0 (throw)
call    3 returned 2
branch  4 taken 2 (fallthrough)
branch  5 taken 0 (throw)
        2:   17:    tp(n,b);
call    0 returned 2
branch  1 taken 2 (fallthrough)
branch  2 taken 0 (throw)
        -:   18:  //  else if(n==7) n = n+1;
        -:   19:    //cout << n;
        -:   20:
        2:   21:}
